<?xml version="1.0" encoding="UTF-8"?>
<testsuite name="mygradleproject.AppTest" tests="1" skipped="0" failures="0" errors="0" timestamp="2023-06-21T10:37:49" hostname="ubuntu1804" time="0.009">
  <properties/>
  <testcase name="testAppHasAGreeting" classname="mygradleproject.AppTest" time="0.009"/>
  <system-out><![CDATA[]]></system-out>
  <system-err><![CDATA[]]></system-err>
</testsuite>
